<?xml version="1.0" encoding="UTF-8"?>
<!-- Generated by org.testng.reporters.JUnitXMLReporter -->
<testsuite hostname="ASDP1510_PO01976" name="ChromeTest" tests="3" failures="0" timestamp="10 Jul 2019 05:25:41 GMT" time="36.528" errors="0">
  <testcase name="userEntersCorrectCredentials" time="4.136" classname="com.gmail.testScripts.Test_LoginPage"/>
  <testcase name="userEntersInvalidUserName" time="4.235" classname="com.gmail.testScripts.Test_LoginPage"/>
  <testcase name="userEntersValidUserNameButInvalidPassword" time="6.126" classname="com.gmail.testScripts.Test_LoginPage"/>
</testsuite> <!-- ChromeTest -->
