<?xml version="1.0" encoding="UTF-8"?>
<!-- Generated by org.testng.reporters.JUnitXMLReporter -->
<testsuite hostname="ASDP1510_PO01976" name="FirefoxBrowserTest" tests="2" failures="0" timestamp="10 Jul 2019 07:09:01 GMT" time="30.895" errors="0">
  <testcase name="userEntersInvalidUserName" time="5.322" classname="com.gmail.testScripts.Test_LoginPage"/>
  <testcase name="userEntersValidUserNameButInvalidPassword" time="10.69" classname="com.gmail.testScripts.Test_LoginPage"/>
</testsuite> <!-- FirefoxBrowserTest -->
